{"/home/jefferson/Área de Trabalho/convertMoney/lib/api.bcb.js": {"path":"/home/jefferson/Área de Trabalho/convertMoney/lib/api.bcb.js","statementMap":{"0":{"start":{"line":1,"column":12},"end":{"line":1,"column":28}},"1":{"start":{"line":3,"column":13},"end":{"line":3,"column":221}},"2":{"start":{"line":3,"column":20},"end":{"line":3,"column":221}},"3":{"start":{"line":5,"column":20},"end":{"line":5,"column":51}},"4":{"start":{"line":5,"column":28},"end":{"line":5,"column":51}},"5":{"start":{"line":7,"column":21},"end":{"line":7,"column":56}},"6":{"start":{"line":7,"column":26},"end":{"line":7,"column":56}},"7":{"start":{"line":9,"column":16},"end":{"line":13,"column":1}},"8":{"start":{"line":11,"column":16},"end":{"line":11,"column":26}},"9":{"start":{"line":12,"column":4},"end":{"line":12,"column":79}},"10":{"start":{"line":17,"column":17},"end":{"line":27,"column":1}},"11":{"start":{"line":18,"column":4},"end":{"line":26,"column":5}},"12":{"start":{"line":19,"column":21},"end":{"line":19,"column":31}},"13":{"start":{"line":21,"column":15},"end":{"line":21,"column":41}},"14":{"start":{"line":22,"column":18},"end":{"line":22,"column":37}},"15":{"start":{"line":23,"column":4},"end":{"line":23,"column":18}},"16":{"start":{"line":25,"column":7},"end":{"line":25,"column":16}},"17":{"start":{"line":29,"column":0},"end":{"line":34,"column":1}}},"fnMap":{"0":{"name":"(anonymous_0)","decl":{"start":{"line":3,"column":13},"end":{"line":3,"column":14}},"loc":{"start":{"line":3,"column":20},"end":{"line":3,"column":221}},"line":3},"1":{"name":"(anonymous_1)","decl":{"start":{"line":5,"column":20},"end":{"line":5,"column":21}},"loc":{"start":{"line":5,"column":28},"end":{"line":5,"column":51}},"line":5},"2":{"name":"(anonymous_2)","decl":{"start":{"line":7,"column":21},"end":{"line":7,"column":22}},"loc":{"start":{"line":7,"column":26},"end":{"line":7,"column":56}},"line":7},"3":{"name":"(anonymous_3)","decl":{"start":{"line":9,"column":16},"end":{"line":9,"column":17}},"loc":{"start":{"line":9,"column":20},"end":{"line":13,"column":1}},"line":9},"4":{"name":"(anonymous_4)","decl":{"start":{"line":17,"column":17},"end":{"line":17,"column":18}},"loc":{"start":{"line":17,"column":26},"end":{"line":27,"column":1}},"line":17}},"branchMap":{},"s":{"0":1,"1":1,"2":1,"3":1,"4":1,"5":1,"6":1,"7":1,"8":1,"9":1,"10":1,"11":1,"12":1,"13":1,"14":1,"15":1,"16":0,"17":1},"f":{"0":1,"1":1,"2":1,"3":1,"4":1},"b":{},"_coverageSchema":"1a1c01bbd47fc00a2c39e90264f33305004495a9","hash":"89589b931949a845fa7ea8599e002a4cb58bef9a"}
,"/home/jefferson/Área de Trabalho/convertMoney/lib/convert.js": {"path":"/home/jefferson/Área de Trabalho/convertMoney/lib/convert.js","statementMap":{"0":{"start":{"line":1,"column":14},"end":{"line":3,"column":1}},"1":{"start":{"line":2,"column":4},"end":{"line":2,"column":30}},"2":{"start":{"line":5,"column":15},"end":{"line":7,"column":1}},"3":{"start":{"line":6,"column":4},"end":{"line":6,"column":41}},"4":{"start":{"line":9,"column":0},"end":{"line":12,"column":1}}},"fnMap":{"0":{"name":"(anonymous_0)","decl":{"start":{"line":1,"column":14},"end":{"line":1,"column":15}},"loc":{"start":{"line":1,"column":36},"end":{"line":3,"column":1}},"line":1},"1":{"name":"(anonymous_1)","decl":{"start":{"line":5,"column":15},"end":{"line":5,"column":16}},"loc":{"start":{"line":5,"column":22},"end":{"line":7,"column":1}},"line":5}},"branchMap":{},"s":{"0":1,"1":2,"2":1,"3":1,"4":1},"f":{"0":2,"1":1},"b":{},"_coverageSchema":"1a1c01bbd47fc00a2c39e90264f33305004495a9","hash":"11885c5bd3e6929fe7bc50c7013674a2c9d4edeb"}
}
